This is pdfTeX, Version 3.14159265-2.6-1.40.18 (TeX Live 2017/Debian) (preloaded format=pdflatex 2019.12.5)  8 DEC 2019 23:06
entering extended mode
 restricted \write18 enabled.
 %&-line parsing enabled.
**elsarticle-ins-l2-feature-selection.tex
(./elsarticle-ins-l2-feature-selection.tex
LaTeX2e <2017-04-15>
Babel <3.18> and hyphenation patterns for 84 language(s) loaded.
(/usr/share/texlive/texmf-dist/tex/latex/elsarticle/elsarticle.cls
Document Class: elsarticle 2009/09/17, 1.2.0: Elsevier Ltd
\@bls=\dimen102
(/usr/share/texlive/texmf-dist/tex/latex/base/article.cls
Document Class: article 2014/09/29 v1.4h Standard LaTeX document class
(/usr/share/texlive/texmf-dist/tex/latex/base/size10.clo
File: size10.clo 2014/09/29 v1.4h Standard LaTeX file (size option)
)
\c@part=\count79
\c@section=\count80
\c@subsection=\count81
\c@subsubsection=\count82
\c@paragraph=\count83
\c@subparagraph=\count84
\c@figure=\count85
\c@table=\count86
\abovecaptionskip=\skip41
\belowcaptionskip=\skip42
\bibindent=\dimen103
)
(/usr/share/texlive/texmf-dist/tex/latex/graphics/graphicx.sty
Package: graphicx 2017/06/01 v1.1a Enhanced LaTeX Graphics (DPC,SPQR)

(/usr/share/texlive/texmf-dist/tex/latex/graphics/keyval.sty
Package: keyval 2014/10/28 v1.15 key=value parser (DPC)
\KV@toks@=\toks14
)
(/usr/share/texlive/texmf-dist/tex/latex/graphics/graphics.sty
Package: graphics 2017/06/25 v1.2c Standard LaTeX Graphics (DPC,SPQR)

(/usr/share/texlive/texmf-dist/tex/latex/graphics/trig.sty
Package: trig 2016/01/03 v1.10 sin cos tan (DPC)
)
(/usr/share/texlive/texmf-dist/tex/latex/graphics-cfg/graphics.cfg
File: graphics.cfg 2016/06/04 v1.11 sample graphics configuration
)
Package graphics Info: Driver file: pdftex.def on input line 99.

(/usr/share/texlive/texmf-dist/tex/latex/graphics-def/pdftex.def
File: pdftex.def 2018/01/08 v1.0l Graphics/color driver for pdftex
))
\Gin@req@height=\dimen104
\Gin@req@width=\dimen105
)
(/usr/share/texlive/texmf-dist/tex/latex/psnfss/pifont.sty
Package: pifont 2005/04/12 PSNFSS-v9.2a Pi font support (SPQR) 
LaTeX Font Info:    Try loading font information for U+pzd on input line 63.

(/usr/share/texlive/texmf-dist/tex/latex/psnfss/upzd.fd
File: upzd.fd 2001/06/04 font definitions for U/pzd.
)
LaTeX Font Info:    Try loading font information for U+psy on input line 64.

(/usr/share/texlive/texmf-dist/tex/latex/psnfss/upsy.fd
File: upsy.fd 2001/06/04 font definitions for U/psy.
))
\c@tnote=\count87
\c@fnote=\count88
\c@cnote=\count89
\c@ead=\count90
\c@author=\count91
\@eadauthor=\toks15
\c@affn=\count92
\absbox=\box26
\keybox=\box27
\Columnwidth=\dimen106
\space@left=\dimen107
\els@boxa=\box28
\els@boxb=\box29
\leftMargin=\dimen108
\@enLab=\toks16
\@sep=\skip43
\@@sep=\skip44

(./elsarticle-ins-l2-feature-selection.spl)
(/usr/share/texlive/texmf-dist/tex/latex/natbib/natbib.sty
Package: natbib 2010/09/13 8.31b (PWD, AO)
\bibhang=\skip45
\bibsep=\skip46
LaTeX Info: Redefining \cite on input line 694.
\c@NAT@ctr=\count93
)
\splwrite=\write3
\openout3 = `elsarticle-ins-l2-feature-selection.spl'.

)
(/usr/share/texlive/texmf-dist/tex/latex/lineno/lineno.sty
Package: lineno 2005/11/02 line numbers on paragraphs v4.41
\linenopenalty=\count94
\output=\toks17
\linenoprevgraf=\count95
\linenumbersep=\dimen109
\linenumberwidth=\dimen110
\c@linenumber=\count96
\c@pagewiselinenumber=\count97
\c@LN@truepage=\count98
\c@internallinenumber=\count99
\c@internallinenumbers=\count100
\quotelinenumbersep=\dimen111
\bframerule=\dimen112
\bframesep=\dimen113
\bframebox=\box30
LaTeX Info: Redefining \\ on input line 3056.
)
(/usr/share/texlive/texmf-dist/tex/latex/hyperref/hyperref.sty
Package: hyperref 2018/02/06 v6.86b Hypertext links for LaTeX

(/usr/share/texlive/texmf-dist/tex/generic/oberdiek/hobsub-hyperref.sty
Package: hobsub-hyperref 2016/05/16 v1.14 Bundle oberdiek, subset hyperref (HO)


(/usr/share/texlive/texmf-dist/tex/generic/oberdiek/hobsub-generic.sty
Package: hobsub-generic 2016/05/16 v1.14 Bundle oberdiek, subset generic (HO)
Package: hobsub 2016/05/16 v1.14 Construct package bundles (HO)
Package: infwarerr 2016/05/16 v1.4 Providing info/warning/error messages (HO)
Package: ltxcmds 2016/05/16 v1.23 LaTeX kernel commands for general use (HO)
Package: ifluatex 2016/05/16 v1.4 Provides the ifluatex switch (HO)
Package ifluatex Info: LuaTeX not detected.
Package: ifvtex 2016/05/16 v1.6 Detect VTeX and its facilities (HO)
Package ifvtex Info: VTeX not detected.
Package: intcalc 2016/05/16 v1.2 Expandable calculations with integers (HO)
Package: ifpdf 2017/03/15 v3.2 Provides the ifpdf switch
Package: etexcmds 2016/05/16 v1.6 Avoid name clashes with e-TeX commands (HO)
Package etexcmds Info: Could not find \expanded.
(etexcmds)             That can mean that you are not using pdfTeX 1.50 or
(etexcmds)             that some package has redefined \expanded.
(etexcmds)             In the latter case, load this package earlier.
Package: kvsetkeys 2016/05/16 v1.17 Key value parser (HO)
Package: kvdefinekeys 2016/05/16 v1.4 Define keys (HO)
Package: pdftexcmds 2018/01/21 v0.26 Utility functions of pdfTeX for LuaTeX (HO
)
Package pdftexcmds Info: LuaTeX not detected.
Package pdftexcmds Info: \pdf@primitive is available.
Package pdftexcmds Info: \pdf@ifprimitive is available.
Package pdftexcmds Info: \pdfdraftmode found.
Package: pdfescape 2016/05/16 v1.14 Implements pdfTeX's escape features (HO)
Package: bigintcalc 2016/05/16 v1.4 Expandable calculations on big integers (HO
)
Package: bitset 2016/05/16 v1.2 Handle bit-vector datatype (HO)
Package: uniquecounter 2016/05/16 v1.3 Provide unlimited unique counter (HO)
)
Package hobsub Info: Skipping package `hobsub' (already loaded).
Package: letltxmacro 2016/05/16 v1.5 Let assignment for LaTeX macros (HO)
Package: hopatch 2016/05/16 v1.3 Wrapper for package hooks (HO)
Package: xcolor-patch 2016/05/16 xcolor patch
Package: atveryend 2016/05/16 v1.9 Hooks at the very end of document (HO)
Package atveryend Info: \enddocument detected (standard20110627).
Package: atbegshi 2016/06/09 v1.18 At begin shipout hook (HO)
Package: refcount 2016/05/16 v3.5 Data extraction from label references (HO)
Package: hycolor 2016/05/16 v1.8 Color options for hyperref/bookmark (HO)
)
(/usr/share/texlive/texmf-dist/tex/generic/ifxetex/ifxetex.sty
Package: ifxetex 2010/09/12 v0.6 Provides ifxetex conditional
)
(/usr/share/texlive/texmf-dist/tex/latex/oberdiek/auxhook.sty
Package: auxhook 2016/05/16 v1.4 Hooks for auxiliary files (HO)
)
(/usr/share/texlive/texmf-dist/tex/latex/oberdiek/kvoptions.sty
Package: kvoptions 2016/05/16 v3.12 Key value format for package options (HO)
)
\@linkdim=\dimen114
\Hy@linkcounter=\count101
\Hy@pagecounter=\count102

(/usr/share/texlive/texmf-dist/tex/latex/hyperref/pd1enc.def
File: pd1enc.def 2018/02/06 v6.86b Hyperref: PDFDocEncoding definition (HO)
)
\Hy@SavedSpaceFactor=\count103

(/usr/share/texlive/texmf-dist/tex/latex/latexconfig/hyperref.cfg
File: hyperref.cfg 2002/06/06 v1.2 hyperref configuration of TeXLive
)
Package hyperref Info: Hyper figures OFF on input line 4509.
Package hyperref Info: Link nesting OFF on input line 4514.
Package hyperref Info: Hyper index ON on input line 4517.
Package hyperref Info: Plain pages OFF on input line 4524.
Package hyperref Info: Backreferencing OFF on input line 4529.
Package hyperref Info: Implicit mode ON; LaTeX internals redefined.
Package hyperref Info: Bookmarks ON on input line 4762.
\c@Hy@tempcnt=\count104

(/usr/share/texlive/texmf-dist/tex/latex/url/url.sty
\Urlmuskip=\muskip10
Package: url 2013/09/16  ver 3.4  Verb mode for urls, etc.
)
LaTeX Info: Redefining \url on input line 5115.
\XeTeXLinkMargin=\dimen115
\Fld@menulength=\count105
\Field@Width=\dimen116
\Fld@charsize=\dimen117
Package hyperref Info: Hyper figures OFF on input line 6369.
Package hyperref Info: Link nesting OFF on input line 6374.
Package hyperref Info: Hyper index ON on input line 6377.
Package hyperref Info: backreferencing OFF on input line 6384.
Package hyperref Info: Link coloring OFF on input line 6389.
Package hyperref Info: Link coloring with OCG OFF on input line 6394.
Package hyperref Info: PDF/A mode OFF on input line 6399.
LaTeX Info: Redefining \ref on input line 6439.
LaTeX Info: Redefining \pageref on input line 6443.
\Hy@abspage=\count106
\c@Item=\count107
\c@Hfootnote=\count108
)
Package hyperref Info: Driver (autodetected): hpdftex.

(/usr/share/texlive/texmf-dist/tex/latex/hyperref/hpdftex.def
File: hpdftex.def 2018/02/06 v6.86b Hyperref driver for pdfTeX
\Fld@listcount=\count109
\c@bookmark@seq@number=\count110

(/usr/share/texlive/texmf-dist/tex/latex/oberdiek/rerunfilecheck.sty
Package: rerunfilecheck 2016/05/16 v1.8 Rerun checks for auxiliary files (HO)
Package uniquecounter Info: New unique counter `rerunfilecheck' on input line 2
82.
)
\Hy@SectionHShift=\skip47
)
(/usr/share/texlive/texmf-dist/tex/latex/tools/array.sty
Package: array 2016/10/06 v2.4d Tabular extension package (FMi)
\col@sep=\dimen118
\extrarowheight=\dimen119
\NC@list=\toks18
\extratabsurround=\skip48
\backup@length=\skip49
)
(./elsarticle-ins-l2-feature-selection.aux)
\openout1 = `elsarticle-ins-l2-feature-selection.aux'.

LaTeX Font Info:    Checking defaults for OML/cmm/m/it on input line 44.
LaTeX Font Info:    ... okay on input line 44.
LaTeX Font Info:    Checking defaults for T1/cmr/m/n on input line 44.
LaTeX Font Info:    ... okay on input line 44.
LaTeX Font Info:    Checking defaults for OT1/cmr/m/n on input line 44.
LaTeX Font Info:    ... okay on input line 44.
LaTeX Font Info:    Checking defaults for OMS/cmsy/m/n on input line 44.
LaTeX Font Info:    ... okay on input line 44.
LaTeX Font Info:    Checking defaults for OMX/cmex/m/n on input line 44.
LaTeX Font Info:    ... okay on input line 44.
LaTeX Font Info:    Checking defaults for U/cmr/m/n on input line 44.
LaTeX Font Info:    ... okay on input line 44.
LaTeX Font Info:    Checking defaults for PD1/pdf/m/n on input line 44.
LaTeX Font Info:    ... okay on input line 44.

(/usr/share/texlive/texmf-dist/tex/context/base/mkii/supp-pdf.mkii
[Loading MPS to PDF converter (version 2006.09.02).]
\scratchcounter=\count111
\scratchdimen=\dimen120
\scratchbox=\box31
\nofMPsegments=\count112
\nofMParguments=\count113
\everyMPshowfont=\toks19
\MPscratchCnt=\count114
\MPscratchDim=\dimen121
\MPnumerator=\count115
\makeMPintoPDFobject=\count116
\everyMPtoPDFconversion=\toks20
) (/usr/share/texlive/texmf-dist/tex/latex/oberdiek/epstopdf-base.sty
Package: epstopdf-base 2016/05/15 v2.6 Base part for package epstopdf

(/usr/share/texlive/texmf-dist/tex/latex/oberdiek/grfext.sty
Package: grfext 2016/05/16 v1.2 Manage graphics extensions (HO)
)
Package epstopdf-base Info: Redefining graphics rule for `.eps' on input line 4
38.
Package grfext Info: Graphics extension search list:
(grfext)             [.pdf,.png,.jpg,.mps,.jpeg,.jbig2,.jb2,.PDF,.PNG,.JPG,.JPE
G,.JBIG2,.JB2,.eps]
(grfext)             \AppendGraphicsExtensions on input line 456.

(/usr/share/texlive/texmf-dist/tex/latex/latexconfig/epstopdf-sys.cfg
File: epstopdf-sys.cfg 2010/07/13 v1.3 Configuration of (r)epstopdf for TeX Liv
e
))
\AtBeginShipoutBox=\box32
Package hyperref Info: Link coloring OFF on input line 44.

(/usr/share/texlive/texmf-dist/tex/latex/hyperref/nameref.sty
Package: nameref 2016/05/21 v2.44 Cross-referencing by name of section

(/usr/share/texlive/texmf-dist/tex/generic/oberdiek/gettitlestring.sty
Package: gettitlestring 2016/05/16 v1.5 Cleanup title references (HO)
)
\c@section@level=\count117
)
LaTeX Info: Redefining \ref on input line 44.
LaTeX Info: Redefining \pageref on input line 44.
LaTeX Info: Redefining \nameref on input line 44.

(./elsarticle-ins-l2-feature-selection.out)
(./elsarticle-ins-l2-feature-selection.out)
\@outlinefile=\write4
\openout4 = `elsarticle-ins-l2-feature-selection.out'.

LaTeX Font Info:    External font `cmex10' loaded for size
(Font)              <7> on input line 77.
LaTeX Font Info:    External font `cmex10' loaded for size
(Font)              <5> on input line 77.
Missing character: There is no √ in font cmr10!
Missing character: There is no Ø in font cmr10!
LaTeX Font Info:    External font `cmex10' loaded for size
(Font)              <8> on input line 85.
LaTeX Font Info:    External font `cmex10' loaded for size
(Font)              <6> on input line 85.

Overfull \hbox (94.7985pt too wide) has occurred while \output is active
\OT1/cmr/m/it/8 Preprint submitted to Journal of Informatics and Computer Scien
ce Intelligent Systems Applications.  December 8, 2019
 []

[1


{/var/lib/texmf/fonts/map/pdftex/updmap/pdftex.map}] [2]
Missing character: There is no ‚ in font cmr10!
Missing character: There is no Ä in font cmr10!
Missing character: There is no ô in font cmr10!
Missing character: There is no ‚ in font cmr10!
Missing character: There is no Ä in font cmr10!
Missing character: There is no ò in font cmr10!
Missing character: There is no ‚ in font cmr10!
Missing character: There is no Ä in font cmr10!
Missing character: There is no ô in font cmr10!
Missing character: There is no œ in font cmr10!
Missing character: There is no á in font cmr10!
 [3] [4]
Missing character: There is no ƒ in font cmr10!
Missing character: There is no ü in font cmr10!
Missing character: There is no ‚ in font cmr10!
Missing character: There is no Ä in font cmr10!
Missing character: There is no ô in font cmr10!
Missing character: There is no ‚ in font cmr10!
Missing character: There is no Ä in font cmr10!
Missing character: There is no ô in font cmr10!
 [5]
Missing character: There is no ¬ in font cmr10!
Missing character: There is no † in font cmr10!
Missing character: There is no ¬ in font cmr10!
Missing character: There is no † in font cmr10!
Missing character: There is no ¬ in font cmr10!
Missing character: There is no † in font cmr10!
Missing character: There is no ¬ in font cmr10!
Missing character: There is no † in font cmr10!
 [6]
Missing character: There is no √ in font cmr10!
Missing character: There is no Ø in font cmr10!

[7]

Package hyperref Warning: Token not allowed in a PDF string (PDFDocEncoding):
(hyperref)                removing `math shift' on input line 129.


Package hyperref Warning: Token not allowed in a PDF string (PDFDocEncoding):
(hyperref)                removing `superscript' on input line 129.


Package hyperref Warning: Token not allowed in a PDF string (PDFDocEncoding):
(hyperref)                removing `math shift' on input line 129.

Missing character: There is no ‚ in font cmr10!
Missing character: There is no Ä in font cmr10!
Missing character: There is no ô in font cmr10!
[8] [9] [10]
Missing character: There is no Œ in font cmr7!
Missing character: There is no ª in font cmr7!
Missing character: There is no „ in font cmr10!
Missing character: There is no Ä in font cmr10!
Missing character: There is no ñ in font cmr10!
Missing character: There is no „ in font cmr10!
Missing character: There is no Ä in font cmr10!
Missing character: There is no ñ in font cmr10!
Missing character: There is no „ in font cmr10!
Missing character: There is no Ä in font cmr10!
Missing character: There is no ó in font cmr10!
Missing character: There is no Ã in font cmr10!
Missing character: There is no Ç in font cmr10!
Missing character: There is no Ã in font cmr10!
Missing character: There is no Ç in font cmr10!
Missing character: There is no ‚ in font cmr10!
Missing character: There is no Ä in font cmr10!
Missing character: There is no ò in font cmr10!
Missing character: There is no ‚ in font cmr10!
Missing character: There is no Ä in font cmr10!
Missing character: There is no ô in font cmr10!
 [11]
Missing character: There is no ‚ in font cmr10!
Missing character: There is no Ä in font cmr10!
Missing character: There is no ò in font cmr10!
Missing character: There is no ‚ in font cmr10!
Missing character: There is no Ä in font cmr10!
Missing character: There is no ô in font cmr10!
Missing character: There is no ‚ in font cmr10!
Missing character: There is no Ä in font cmr10!
Missing character: There is no ì in font cmr10!
Missing character: There is no ‚ in font cmr10!
Missing character: There is no Ä in font cmr10!
Missing character: There is no ì in font cmr10!

Underfull \hbox (badness 10000) in paragraph at lines 205--206

 []

[12]
<figs/fig_1.png, id=217, 1633.10126pt x 382.42876pt>
File: figs/fig_1.png Graphic file (type png)
<use figs/fig_1.png>
Package pdftex.def Info: figs/fig_1.png  used on input line 209.
(pdftex.def)             Requested size: 310.4979pt x 72.7089pt.
LaTeX Font Info:    Try loading font information for OMS+cmr on input line 217.

 (/usr/share/texlive/texmf-dist/tex/latex/base/omscmr.fd
File: omscmr.fd 2014/09/29 v2.5h Standard LaTeX font definitions
)
LaTeX Font Info:    Font shape `OMS/cmr/m/n' in size <10> not available
(Font)              Font shape `OMS/cmsy/m/n' tried instead on input line 217.
Missing character: There is no ‚ in font cmr10!
Missing character: There is no Ä in font cmr10!
Missing character: There is no ò in font cmr10!
Missing character: There is no ‚ in font cmr10!
Missing character: There is no Ä in font cmr10!
Missing character: There is no ô in font cmr10!
 [13 <./figs/fig_1.png>]
Missing character: There is no ‚ in font cmr10!
Missing character: There is no Ä in font cmr10!
Missing character: There is no ô in font cmr10!
Missing character: There is no ‚ in font cmr10!
Missing character: There is no Ä in font cmr10!
Missing character: There is no ô in font cmr10!
 [14]
Missing character: There is no √ in font cmr10!
Missing character: There is no Ø in font cmr10!
 [15]
Missing character: There is no ‚ in font cmr10!
Missing character: There is no Ä in font cmr10!
Missing character: There is no ô in font cmr10!
<figs/fig_2.png, id=245, 837.88031pt x 903.375pt>
File: figs/fig_2.png Graphic file (type png)
<use figs/fig_2.png>
Package pdftex.def Info: figs/fig_2.png  used on input line 252.
(pdftex.def)             Requested size: 310.4979pt x 334.76732pt.


LaTeX Warning: `h' float specifier changed to `ht'.

Missing character: There is no ‚ in font cmr10!
Missing character: There is no Ä in font cmr10!
Missing character: There is no ¶ in font cmr10!
Missing character: There is no ‚ in font cmr10!
Missing character: There is no Ä in font cmr10!
Missing character: There is no ú in font cmr10!
Missing character: There is no ‚ in font cmr10!
Missing character: There is no Ä in font cmr10!
Missing character: There is no ù in font cmr10!
Missing character: There is no ‚ in font cmr10!
Missing character: There is no Ä in font cmr10!
Missing character: There is no ú in font cmr10!
Missing character: There is no ‚ in font cmr10!
Missing character: There is no Ä in font cmr10!
Missing character: There is no ù in font cmr10!
Missing character: There is no ‚ in font cmr10!
Missing character: There is no Ä in font cmr10!
Missing character: There is no ú in font cmr10!
Missing character: There is no ‚ in font cmr10!
Missing character: There is no Ä in font cmr10!
Missing character: There is no ù in font cmr10!
Missing character: There is no ‚ in font cmr10!
Missing character: There is no Ä in font cmr10!
Missing character: There is no ú in font cmr10!
Missing character: There is no ‚ in font cmr10!
Missing character: There is no Ä in font cmr10!
Missing character: There is no ù in font cmr10!
Missing character: There is no ‚ in font cmr10!
Missing character: There is no Ä in font cmr10!
Missing character: There is no ú in font cmr10!
Missing character: There is no ‚ in font cmr10!
Missing character: There is no Ä in font cmr10!
Missing character: There is no ù in font cmr10!

Overfull \hbox (7.42822pt too wide) in paragraph at lines 278--278
[]|\OT1/cmr/m/n/10 insta-
 []


Overfull \hbox (1.31708pt too wide) in paragraph at lines 278--278
\OT1/cmr/m/n/10 nces| 
 []


Underfull \hbox (badness 10000) in paragraph at lines 278--278
[]|\OT1/cmr/m/n/10 vari-
 []


Overfull \hbox (1.80542pt too wide) in paragraph at lines 278--278
\OT1/cmr/m/n/10 ables| 
 []


Overfull \hbox (6.37263pt too wide) in paragraph at lines 278--278
[]|\OT1/cmr/m/n/10 class-
 []


Overfull \hbox (13.2499pt too wide) in paragraph at lines 278--278
[]|\OT1/cmr/m/n/10 Missing
 []


Underfull \hbox (badness 10000) in paragraph at lines 278--278
\OT1/cmr/m/n/10 val-
 []


Overfull \hbox (4.24988pt too wide) in paragraph at lines 278--278
[]|\OT1/cmr/m/n/10 Cont.
 []


Overfull \hbox (4.107pt too wide) in paragraph at lines 278--278
[]|\OT1/cmr/m/n/10 CHI| 
 []


Underfull \hbox (badness 10000) in paragraph at lines 278--278
[]|$\OML/cmm/m/it/10 L[]$
 []


Underfull \hbox (badness 10000) in paragraph at lines 278--278
\OT1/cmr/m/n/10 50%
 []


Underfull \hbox (badness 10000) in paragraph at lines 278--279
[]|$\OML/cmm/m/it/10 L[]$
 []


Underfull \hbox (badness 10000) in paragraph at lines 278--279
\OT1/cmr/m/n/10 75%
 []


Overfull \hbox (0.575pt too wide) in paragraph at lines 280--280
[]|\OT1/cmr/m/n/10 arrhythmia| 
 []


Overfull \hbox (3.74901pt too wide) in paragraph at lines 280--280
 \OT1/cmr/m/n/10 0.5,0.5,2,11,0,0,0.8,0.8,4| 
 []


Overfull \hbox (0.77368pt too wide) in paragraph at lines 280--280
[]|\OT1/cmr/m/n/10 124| 
 []


Overfull \hbox (0.77368pt too wide) in paragraph at lines 280--280
[]|\OT1/cmr/m/n/10 117| 
 []


Overfull \hbox (3.74901pt too wide) in paragraph at lines 281--281
 []|\OT1/cmr/m/n/10 25,21,9,9,8,3,3,2,1,1,1,1, 
 []


Underfull \hbox (badness 10000) in paragraph at lines 283--283
[]|\OT1/cmr/m/n/10 Breast-
 []


Overfull \hbox (2.92824pt too wide) in paragraph at lines 284--284
[]|\OT1/cmr/m/n/10 1728| 
 []


Overfull \hbox (2.92824pt too wide) in paragraph at lines 286--286
[]|\OT1/cmr/m/n/10 1473| 
 []


Overfull \hbox (2.92824pt too wide) in paragraph at lines 289--289
[]|\OT1/cmr/m/n/10 1000| 
 []


Underfull \hbox (badness 10000) in paragraph at lines 290--290
[]|\OT1/cmr/m/n/10 Cylinder-
 []


Overfull \hbox (7.90834pt too wide) in paragraph at lines 291--291
[]|\OT1/cmr/m/n/10 Dermatology| 
 []


Overfull \hbox (6.93614pt too wide) in paragraph at lines 298--298
[]|\OT1/cmr/m/n/10 Hypothyroid| 
 []


Overfull \hbox (2.92824pt too wide) in paragraph at lines 298--298
[]|\OT1/cmr/m/n/10 3772| 
 []


Overfull \hbox (4.85278pt too wide) in paragraph at lines 301--301
[]|\OT1/cmr/m/n/10 Lymphogra-
 []


Overfull \hbox (2.92824pt too wide) in paragraph at lines 302--302
[]|\OT1/cmr/m/n/10 8124| 
 []


Overfull \hbox (2.92824pt too wide) in paragraph at lines 303--303
[]|\OT1/cmr/m/n/10 5620| 
 []


Overfull \hbox (2.92824pt too wide) in paragraph at lines 304--304
[]|\OT1/cmr/m/n/10 2310| 
 []


Overfull \hbox (2.92824pt too wide) in paragraph at lines 305--305
[]|\OT1/cmr/m/n/10 5000| 
 []


Overfull \hbox (64.32324pt too wide) in paragraph at lines 269--309
 []|  [] 
 []


LaTeX Warning: Float too large for page by 91.29881pt on input line 311.

[16] [17] [18 <./figs/fig_2.png>]
Missing character: There is no ‚ in font cmr10!
Missing character: There is no Ä in font cmr10!
Missing character: There is no ú in font cmr10!
Missing character: There is no ‚ in font cmr10!
Missing character: There is no Ä in font cmr10!
Missing character: There is no ù in font cmr10!
Missing character: There is no ‚ in font cmr10!
Missing character: There is no Ä in font cmr10!
Missing character: There is no ú in font cmr10!
Missing character: There is no ‚ in font cmr10!
Missing character: There is no Ä in font cmr10!
Missing character: There is no ù in font cmr10!
Missing character: There is no ‚ in font cmr10!
Missing character: There is no Ä in font cmr10!
Missing character: There is no ú in font cmr10!
Missing character: There is no ‚ in font cmr10!
Missing character: There is no Ä in font cmr10!
Missing character: There is no ù in font cmr10!
Missing character: There is no ‚ in font cmr10!
Missing character: There is no Ä in font cmr10!
Missing character: There is no ú in font cmr10!
Missing character: There is no ‚ in font cmr10!
Missing character: There is no Ä in font cmr10!
Missing character: There is no ù in font cmr10!
Missing character: There is no ‚ in font cmr10!
Missing character: There is no Ä in font cmr10!
Missing character: There is no ú in font cmr10!
Missing character: There is no ‚ in font cmr10!
Missing character: There is no Ä in font cmr10!
Missing character: There is no ù in font cmr10!
Missing character: There is no ‚ in font cmr10!
Missing character: There is no Ä in font cmr10!
Missing character: There is no ú in font cmr10!
Missing character: There is no ‚ in font cmr10!
Missing character: There is no Ä in font cmr10!
Missing character: There is no ù in font cmr10!
Missing character: There is no ‚ in font cmr10!
Missing character: There is no Ä in font cmr10!
Missing character: There is no ô in font cmr10!
Missing character: There is no ‚ in font cmr10!
Missing character: There is no Ä in font cmr10!
Missing character: There is no ú in font cmr10!
Missing character: There is no ‚ in font cmr10!
Missing character: There is no Ä in font cmr10!
Missing character: There is no ù in font cmr10!
 [19]
<figs/fig_3a.png, id=277, 1316.92pt x 723.70375pt>
File: figs/fig_3a.png Graphic file (type png)
<use figs/fig_3a.png>
Package pdftex.def Info: figs/fig_3a.png  used on input line 326.
(pdftex.def)             Requested size: 276.00105pt x 151.67307pt.
<figs/fig_3b.png, id=278, 1310.8975pt x 661.47125pt>
File: figs/fig_3b.png Graphic file (type png)
<use figs/fig_3b.png>
Package pdftex.def Info: figs/fig_3b.png  used on input line 334.
(pdftex.def)             Requested size: 276.00105pt x 139.26633pt.


LaTeX Warning: `h' float specifier changed to `ht'.

File: figs/fig_3a.png Graphic file (type png)
<use figs/fig_3a.png>
Package pdftex.def Info: figs/fig_3a.png  used on input line 342.
(pdftex.def)             Requested size: 276.00105pt x 151.67307pt.

LaTeX Warning: `h' float specifier changed to `ht'.

[20 <./figs/fig_3a.png>]

LaTeX Warning: `h' float specifier changed to `ht'.

[21 <./figs/fig_3b.png>]
<figs/fig_4_error_rt_50.png, id=292, 1345.025pt x 770.88pt>
File: figs/fig_4_error_rt_50.png Graphic file (type png)
<use figs/fig_4_error_rt_50.png>
Package pdftex.def Info: figs/fig_4_error_rt_50.png  used on input line 392.
(pdftex.def)             Requested size: 276.00105pt x 158.18434pt.


LaTeX Warning: `h' float specifier changed to `ht'.

<figs/fig_5_error_rt_75.png, id=293, 1412.27625pt x 755.82375pt>
File: figs/fig_5_error_rt_75.png Graphic file (type png)
<use figs/fig_5_error_rt_75.png>
Package pdftex.def Info: figs/fig_5_error_rt_75.png  used on input line 401.
(pdftex.def)             Requested size: 276.00105pt x 147.7022pt.

LaTeX Warning: `h' float specifier changed to `ht'.

Missing character: There is no ‚ in font cmr10!
Missing character: There is no Ä in font cmr10!
Missing character: There is no ú in font cmr10!
Missing character: There is no ‚ in font cmr10!
Missing character: There is no Ä in font cmr10!
Missing character: There is no ù in font cmr10!
Missing character: There is no ‚ in font cmr10!
Missing character: There is no Ä in font cmr10!
Missing character: There is no ô in font cmr10!
[22] [23 <./figs/fig_4_error_rt_50.png> <./figs/fig_5_error_rt_75.png>]
Missing character: There is no ‚ in font cmr10!
Missing character: There is no Ä in font cmr10!
Missing character: There is no ú in font cmr10!
Missing character: There is no ‚ in font cmr10!
Missing character: There is no Ä in font cmr10!
Missing character: There is no ù in font cmr10!
Missing character: There is no ‚ in font cmr10!
Missing character: There is no Ä in font cmr10!
Missing character: There is no ú in font cmr10!
Missing character: There is no ‚ in font cmr10!
Missing character: There is no Ä in font cmr10!
Missing character: There is no ù in font cmr10!
Missing character: There is no ‚ in font cmr10!
Missing character: There is no Ä in font cmr10!
Missing character: There is no ú in font cmr10!
Missing character: There is no ‚ in font cmr10!
Missing character: There is no Ä in font cmr10!
Missing character: There is no ù in font cmr10!
Missing character: There is no ‚ in font cmr10!
Missing character: There is no Ä in font cmr10!
Missing character: There is no ú in font cmr10!
Missing character: There is no ‚ in font cmr10!
Missing character: There is no Ä in font cmr10!
Missing character: There is no ù in font cmr10!
Missing character: There is no ‚ in font cmr10!
Missing character: There is no Ä in font cmr10!
Missing character: There is no ú in font cmr10!
Missing character: There is no ‚ in font cmr10!
Missing character: There is no Ä in font cmr10!
Missing character: There is no ù in font cmr10!
Missing character: There is no ‚ in font cmr10!
Missing character: There is no Ä in font cmr10!
Missing character: There is no ú in font cmr10!
Missing character: There is no ‚ in font cmr10!
Missing character: There is no Ä in font cmr10!
Missing character: There is no ù in font cmr10!
Missing character: There is no ‚ in font cmr10!
Missing character: There is no Ä in font cmr10!
Missing character: There is no ú in font cmr10!
Missing character: There is no ‚ in font cmr10!
Missing character: There is no Ä in font cmr10!
Missing character: There is no ù in font cmr10!

[24]
Missing character: There is no ‚ in font cmr10!
Missing character: There is no Ä in font cmr10!
Missing character: There is no ô in font cmr10!
Missing character: There is no ‚ in font cmr10!
Missing character: There is no Ä in font cmr10!
Missing character: There is no ú in font cmr10!
Missing character: There is no ‚ in font cmr10!
Missing character: There is no Ä in font cmr10!
Missing character: There is no ù in font cmr10!
Missing character: There is no ‚ in font cmr10!
Missing character: There is no Ä in font cmr10!
Missing character: There is no ú in font cmr10!
Missing character: There is no ‚ in font cmr10!
Missing character: There is no Ä in font cmr10!
Missing character: There is no ù in font cmr10!
Missing character: There is no ‚ in font cmr10!
Missing character: There is no Ä in font cmr10!
Missing character: There is no ô in font cmr10!
Missing character: There is no ‚ in font cmr10!
Missing character: There is no Ä in font cmr10!
Missing character: There is no ú in font cmr10!
Missing character: There is no ‚ in font cmr10!
Missing character: There is no Ä in font cmr10!
Missing character: There is no ù in font cmr10!
Missing character: There is no ‚ in font cmr10!
Missing character: There is no Ä in font cmr10!
Missing character: There is no ô in font cmr10!
<figs/fig_6a_precision_75.png, id=322, 1386.17876pt x 757.83125pt>
File: figs/fig_6a_precision_75.png Graphic file (type png)
<use figs/fig_6a_precision_75.png>
Package pdftex.def Info: figs/fig_6a_precision_75.png  used on input line 418.
(pdftex.def)             Requested size: 276.00105pt x 150.89287pt.
<figs/fig_6b_recall_75.png, id=323, 1399.2275pt x 757.83125pt>
File: figs/fig_6b_recall_75.png Graphic file (type png)
<use figs/fig_6b_recall_75.png>
Package pdftex.def Info: figs/fig_6b_recall_75.png  used on input line 426.
(pdftex.def)             Requested size: 276.00105pt x 149.48212pt.


LaTeX Warning: `h' float specifier changed to `ht'.

[25 <./figs/fig_6a_precision_75.png>] [26 <./figs/fig_6b_recall_75.png>]
(./elsarticle-ins-l2-feature-selection.bbl
Underfull \hbox (badness 10000) in paragraph at lines 24--31
\OT1/cmr/m/n/10 URL []$\OT1/cmtt/m/n/10 https : / / linkinghub . elsevier . com
 / retrieve / pii /
 []


Underfull \hbox (badness 10000) in paragraph at lines 33--40
\OT1/cmr/m/n/10 URL []$\OT1/cmtt/m/n/10 https : / / digital-[]library . theiet 
. org / content / journals / 10 .
 []

[27]
Underfull \hbox (badness 4673) in paragraph at lines 49--53
\OT1/cmr/m/n/10 URL []$\OT1/cmtt/m/n/10 http : / / citeseerx . ist . psu . edu 
/ viewdoc / summary ? doi = 10 . 1 . 1 .
 []


Underfull \hbox (badness 10000) in paragraph at lines 73--80
\OT1/cmr/m/n/10 URL []$\OT1/cmtt/m/n/10 https : / / linkinghub . elsevier . com
 / retrieve / pii /
 []


Underfull \hbox (badness 10000) in paragraph at lines 91--99
\OT1/cmr/m/n/10 URL []$\OT1/cmtt/m/n/10 https : / / www . worldscientific . com
 / doi / abs / 10 . 1142 /
 []

[28]
Underfull \hbox (badness 4673) in paragraph at lines 110--116
\OT1/cmr/m/n/10 URL []$\OT1/cmtt/m/n/10 http : / / citeseerx . ist . psu . edu 
/ viewdoc / summary ? doi = 10 . 1 . 1 .
 []


Overfull \hbox (47.38484pt too wide) in paragraph at lines 118--123
\OT1/cmr/m/n/10 URL []$\OT1/cmtt/m/n/10 http : / / www . amazon . com / Data-[]
Mining-[]Practical-[]Techniques-[]Management /
 []


Overfull \hbox (621.04736pt too wide) in paragraph at lines 118--123
\OT1/cmtt/m/n/10 dp / 0123748569{%}3FSubscriptionId{%}3D1V7VTJ4HA4MFT9XBJ1R2{%}
26tag{%}3Dmekentosjcom-[]20{%}26linkCode{%}3Dxm2{%}26camp{%}3D2025{%}26creative
{%}3D165953{%}26creativeASIN{%}3D0123748569$[] 
 []

[29]
Missing character: There is no ƒ in font cmr10!
Missing character: There is no ü in font cmr10!

Underfull \hbox (badness 1478) in paragraph at lines 143--151
[]\OT1/cmr/m/n/10 H. Uuz, []A two-stage fea-ture se-lec-tion method for text ca
t-e-go-riza-
 []


Underfull \hbox (badness 2221) in paragraph at lines 143--151
\OT1/cmr/m/n/10 tion by us-ing in-for-ma-tion gain, prin-ci-pal com-po-nent ana
l-y-sis and
 []


Underfull \hbox (badness 10000) in paragraph at lines 143--151
\OT1/cmr/m/n/10 URL []$\OT1/cmtt/m/n/10 https : / / linkinghub . elsevier . com
 / retrieve / pii /
 []

[30]
Underfull \hbox (badness 10000) in paragraph at lines 208--214
\OT1/cmr/m/n/10 URL []$\OT1/cmtt/m/n/10 https : / / www . semanticscholar . org
 / paper /
 []


Overfull \hbox (62.80226pt too wide) in paragraph at lines 208--214
\OT1/cmtt/m/n/10 Exploratory-[]Analysis-[]of-[]Feature-[]Selection-[]in-[]Image
-[]Kunasekaran-[]Sugumaran /
 []


Underfull \hbox (badness 1629) in paragraph at lines 222--229
[]\OT1/cmr/m/n/10 S. Li, S. Oh, []Im-prov-ing fea-ture se-lec-tion per-for-manc
e us-ing pair-
 []


Underfull \hbox (badness 10000) in paragraph at lines 222--229
\OT1/cmr/m/n/10 wise pre-evaluation[], BMC Bioin-for-mat-ics 17 (1) (2016) 312.

 []


Underfull \hbox (badness 10000) in paragraph at lines 222--229
\OT1/cmr/m/n/10 URL []$\OT1/cmtt/m/n/10 http : / / bmcbioinformatics . biomedce
ntral . com / articles / 10 .
 []


Underfull \hbox (badness 1590) in paragraph at lines 231--239
[]\OT1/cmr/m/n/10 M. Yuan, Z. Yang, G. Huang, G. Ji, []Fea-ture se-lec-tion by 
max-
 []


Underfull \hbox (badness 10000) in paragraph at lines 231--239
\OT1/cmr/m/n/10 i-miz-ing cor-re-la-tion in-for-ma-tion for in-te-grated high-d
imensional
 []


Underfull \hbox (badness 10000) in paragraph at lines 231--239
\OT1/cmr/m/n/10 pro-tein data[], Pat-tern Recog-ni-tion Let-ters 92 (2017) 17--
24.
 []


Underfull \hbox (badness 10000) in paragraph at lines 231--239
\OT1/cmr/m/n/10 URL []$\OT1/cmtt/m/n/10 https : / / linkinghub . elsevier . com
 / retrieve / pii /
 []

[31]
Underfull \hbox (badness 1946) in paragraph at lines 265--273
[]\OT1/cmr/m/n/10 F. Thab-tah, F. Ka-malov, K. Ra-jab, []A new com-pu-ta-tional
 in-tel-
 []


Underfull \hbox (badness 3158) in paragraph at lines 265--273
\OT1/cmr/m/n/10 li-gence ap-proach to de-tect autis-tic fea-tures for autism sc
reen-ing[],
 []


Underfull \hbox (badness 3780) in paragraph at lines 265--273
\OT1/cmr/m/n/10 In-ter-na-tional Jour-nal of Med-i-cal In-for-mat-ics 117 (2018
) 112--124.
 []


Underfull \hbox (badness 10000) in paragraph at lines 265--273
\OT1/cmr/m/n/10 URL []$\OT1/cmtt/m/n/10 https : / / linkinghub . elsevier . com
 / retrieve / pii /
 []


Underfull \hbox (badness 10000) in paragraph at lines 290--295
\OT1/cmr/m/n/10 URL []$\OT1/cmtt/m/n/10 https : / / archive . ics . uci . edu /
 ml / datasets . phphttp :
 []


Underfull \hbox (badness 10000) in paragraph at lines 290--295
\OT1/cmtt/m/n/10 / / www . ics . uci . edu / {[]}mlearn / MLRepository . html{%
}5Cnhttp :
 []

[32])
Package atveryend Info: Empty hook `BeforeClearDocument' on input line 441.
 [33]
Package atveryend Info: Empty hook `AfterLastShipout' on input line 441.
 (./elsarticle-ins-l2-feature-selection.aux)
Package atveryend Info: Executing hook `AtVeryEndDocument' on input line 441.
Package atveryend Info: Executing hook `AtEndAfterFileList' on input line 441.
Package rerunfilecheck Info: File `elsarticle-ins-l2-feature-selection.out' has
 not changed.
(rerunfilecheck)             Checksum: EF416B3C68C23F2A30CDE414890C16D1;835.
Package atveryend Info: Empty hook `AtVeryVeryEnd' on input line 441.
 ) 
Here is how much of TeX's memory you used:
 6181 strings out of 492982
 90297 string characters out of 6134896
 210149 words of memory out of 5000000
 9568 multiletter control sequences out of 15000+600000
 10891 words of font info for 38 fonts, out of 8000000 for 9000
 1141 hyphenation exceptions out of 8191
 32i,10n,31p,3777b,565s stack positions out of 5000i,500n,10000p,200000b,80000s
</usr/share/texlive/texmf-dist/fonts/type1/public/amsfonts/cm/cmbx10.pfb></us
r/share/texlive/texmf-dist/fonts/type1/public/amsfonts/cm/cmbx7.pfb></usr/share
/texlive/texmf-dist/fonts/type1/public/amsfonts/cm/cmex10.pfb></usr/share/texli
ve/texmf-dist/fonts/type1/public/amsfonts/cm/cmmi10.pfb></usr/share/texlive/tex
mf-dist/fonts/type1/public/amsfonts/cm/cmmi7.pfb></usr/share/texlive/texmf-dist
/fonts/type1/public/amsfonts/cm/cmmi8.pfb></usr/share/texlive/texmf-dist/fonts/
type1/public/amsfonts/cm/cmmib10.pfb></usr/share/texlive/texmf-dist/fonts/type1
/public/amsfonts/cm/cmr10.pfb></usr/share/texlive/texmf-dist/fonts/type1/public
/amsfonts/cm/cmr12.pfb></usr/share/texlive/texmf-dist/fonts/type1/public/amsfon
ts/cm/cmr5.pfb></usr/share/texlive/texmf-dist/fonts/type1/public/amsfonts/cm/cm
r6.pfb></usr/share/texlive/texmf-dist/fonts/type1/public/amsfonts/cm/cmr7.pfb><
/usr/share/texlive/texmf-dist/fonts/type1/public/amsfonts/cm/cmr8.pfb></usr/sha
re/texlive/texmf-dist/fonts/type1/public/amsfonts/cm/cmss8.pfb></usr/share/texl
ive/texmf-dist/fonts/type1/public/amsfonts/cm/cmsy10.pfb></usr/share/texlive/te
xmf-dist/fonts/type1/public/amsfonts/cm/cmsy6.pfb></usr/share/texlive/texmf-dis
t/fonts/type1/public/amsfonts/cm/cmsy7.pfb></usr/share/texlive/texmf-dist/fonts
/type1/public/amsfonts/cm/cmti10.pfb></usr/share/texlive/texmf-dist/fonts/type1
/public/amsfonts/cm/cmti7.pfb></usr/share/texlive/texmf-dist/fonts/type1/public
/amsfonts/cm/cmti8.pfb></usr/share/texlive/texmf-dist/fonts/type1/public/amsfon
ts/cm/cmtt10.pfb></usr/share/texlive/texmf-dist/fonts/type1/public/amsfonts/cm/
cmtt8.pfb>
Output written on elsarticle-ins-l2-feature-selection.pdf (33 pages, 834697 byt
es).
PDF statistics:
 650 PDF objects out of 1000 (max. 8388607)
 578 compressed objects within 6 object streams
 114 named destinations out of 1000 (max. 500000)
 137 words of extra memory for PDF output out of 10000 (max. 10000000)

